<?xml version="1.0" encoding="UTF-8"?>
<testsuite time='0.185641' skipped='0' failures='0' errors='0' name="WelcomeControllerTest" assertions='1' tests='1'>
  <testcase time='0.185641' file="test/controllers/welcome_controller_test.rb" name="test_should_get_root" assertions='1'>
  </testcase>
</testsuite>
