<?xml version="1.0" encoding="UTF-8"?>
<testsuite time='0.285150' skipped='0' failures='0' errors='0' name="CallConciergesControllerTest" assertions='21' tests='7'>
  <testcase time='0.254487' file="test/controllers/call_concierges_controller_test.rb" name="test_should_get_pizza_and_set_bypass_correctly" assertions='8'>
  </testcase>
  <testcase time='0.008172' file="test/controllers/call_concierges_controller_test.rb" name="test_Should_open_door_when_its_time_for_cleaning" assertions='1'>
  </testcase>
  <testcase time='0.009787' file="test/controllers/call_concierges_controller_test.rb" name="test_should_get_near_and_set_bypass_correctly" assertions='8'>
  </testcase>
  <testcase time='0.002539' file="test/controllers/call_concierges_controller_test.rb" name="test_should_get_extension" assertions='1'>
  </testcase>
  <testcase time='0.002052' file="test/controllers/call_concierges_controller_test.rb" name="test_should_get_inboud_call_handler" assertions='1'>
  </testcase>
  <testcase time='0.003289' file="test/controllers/call_concierges_controller_test.rb" name="test_should_get_inbound_call" assertions='1'>
  </testcase>
  <testcase time='0.004824' file="test/controllers/call_concierges_controller_test.rb" name="test_should_get_entry_code" assertions='1'>
  </testcase>
</testsuite>
